2024-01-27 22:01:724 INFO  ManageBrowser :22 - Clicking on search icon and navigating to search panel....
2024-01-27 22:01:70 INFO  ManageBrowser :22 - Clicking on search icon and navigating to search panel....
2024-01-27 22:01:543 INFO  ManageBrowser :22 - Clicking on search icon and navigating to search panel....
2024-01-27 22:01:692 INFO  ManageBrowser :24 - Clicking on search icon and navigating to search panel....
2024-01-27 22:01:402 INFO  ManageBrowser :24 - Clicking on search icon and navigating to search panel....
2024-01-27 22:01:251 INFO  ManageBrowser :24 - Clicking on search icon and navigating to search panel....
2024-01-27 22:01:178 INFO  ManageBrowser :24 - Clicking on Accept All Cookies button....
2024-01-27 22:01:02 INFO  ManageBrowser :24 - Clicking on Accept All Cookies button....
2024-01-27 22:01:455 INFO  ManageBrowser :24 - Clicking on Accept All Cookies button....
2024-01-27 22:01:88 INFO  ManageBrowser :24 - Clicking on Allow All Cookies button....
2024-01-27 22:01:145 INFO  ManageBrowser :26 - Clicking on Search icon....
2024-01-27 22:01:107 INFO  ManageBrowser :24 - Clicking on Allow All Cookies button....
2024-01-27 22:01:378 INFO  ManageBrowser :26 - Clicking on Search icon....
2024-01-27 22:01:865 INFO  ManageBrowser :24 - Clicking on Allow All Cookies button....
2024-01-27 22:01:952 INFO  ManageBrowser :26 - Clicking on Search icon....
2024-01-27 22:01:552 INFO  ManageBrowser :24 - Clicking on Allow All Cookies button....
2024-01-27 22:01:796 INFO  ManageBrowser :26 - Clicking on Search icon....
2024-01-27 22:01:827 INFO  ManageBrowser :24 - Clicking on Allow All Cookies button....
2024-01-27 22:01:149 INFO  ManageBrowser :26 - Clicking on Search icon....
2024-01-27 22:01:465 INFO  ManageBrowser :24 - Clicking on Allow All Cookies button....
2024-01-27 22:01:685 INFO  ManageBrowser :26 - Clicking on Search icon....
2024-01-27 22:01:757 INFO  ManageBrowser :24 - Clicking on Allow All Cookies button....
2024-01-27 22:01:814 INFO  ManageBrowser :26 - Clicking on Search icon....
2024-01-27 22:01:88 INFO  ManageBrowser :24 - Clicking on Allow All Cookies button....
2024-01-27 22:01:322 INFO  ManageBrowser :26 - Clicking on Search icon....
2024-01-27 22:01:914 INFO  ManageBrowser :24 - Clicking on Allow All Cookies button....
2024-01-27 22:01:996 INFO  ManageBrowser :26 - Clicking on Search icon....
2024-01-27 22:01:522 INFO  ManageBrowser :24 - Clicking on Allow All Cookies button....
2024-01-27 22:01:597 INFO  ManageBrowser :26 - Clicking on Search icon....
2024-01-27 22:01:887 INFO  ManageBrowser :37 - Entering search term in the search bar....
2024-01-27 22:01:597 INFO  ManageBrowser :24 - Clicking on Allow All Cookies button....
2024-01-27 22:01:830 INFO  ManageBrowser :26 - Clicking on Search icon....
2024-01-27 22:01:453 INFO  ManageBrowser :37 - Entering search term in the search bar....
2024-01-27 22:01:863 INFO  ManageBrowser :24 - Clicking on Allow All Cookies button....
2024-01-27 22:01:111 INFO  ManageBrowser :26 - Clicking on Search icon....
2024-01-27 22:01:763 INFO  ManageBrowser :37 - Entering search term in the search bar....
2024-01-27 22:01:950 INFO  ManageBrowser :24 - Clicking on Allow All Cookies button....
2024-01-27 22:01:41 INFO  ManageBrowser :26 - Clicking on Search icon....
2024-01-27 22:01:62 INFO  ManageBrowser :37 - Entering search term in the search bar....
2024-01-27 22:01:369 INFO  ManageBrowser :24 - Clicking on Allow All Cookies button....
2024-01-27 22:01:457 INFO  ManageBrowser :26 - Clicking on Search icon....
2024-01-27 22:01:212 INFO  ManageBrowser :37 - Entering search term in the search bar....
2024-01-27 22:01:891 INFO  ManageBrowser :24 - Clicking on Allow All Cookies button....
2024-01-27 22:01:133 INFO  ManageBrowser :26 - Clicking on Search icon....
2024-01-27 22:01:929 INFO  ManageBrowser :37 - Entering search term in the search bar....
2024-01-27 22:01:642 INFO  ManageBrowser :24 - Clicking on Allow All Cookies button....
2024-01-27 22:01:729 INFO  ManageBrowser :26 - Clicking on Search icon....
2024-01-27 22:01:132 INFO  ManageBrowser :37 - Entering search term in the search bar....
2024-01-27 22:01:873 INFO  ManageBrowser :24 - Clicking on Allow All Cookies button....
2024-01-27 22:01:153 INFO  ManageBrowser :26 - Clicking on Search icon....
2024-01-27 22:01:789 INFO  ManageBrowser :37 - Entering search term in the search bar....
2024-01-27 22:01:868 INFO  ManageBrowser :24 - Clicking on Allow All Cookies button....
2024-01-27 22:01:168 INFO  ManageBrowser :26 - Clicking on Search icon....
2024-01-27 22:01:877 INFO  ManageBrowser :37 - Entering search term in the search bar....
2024-01-27 22:01:666 INFO  ManageBrowser :24 - Clicking on Allow All Cookies button....
2024-01-27 22:01:728 INFO  ManageBrowser :26 - Clicking on Search icon....
2024-01-27 22:01:98 INFO  ManageBrowser :37 - Entering search term in the search bar....
2024-01-27 22:01:927 INFO  ManageBrowser :24 - Clicking on Allow All Cookies button....
2024-01-27 22:01:174 INFO  ManageBrowser :26 - Clicking on Search icon....
2024-01-27 22:01:834 INFO  ManageBrowser :37 - Entering search term in the search bar....
2024-01-27 22:01:804 INFO  ManageBrowser :24 - Clicking on Allow All Cookies button....
2024-01-27 22:01:82 INFO  ManageBrowser :26 - Clicking on Search icon....
2024-01-27 22:01:927 INFO  ManageBrowser :37 - Entering search term in the search bar....
2024-01-27 22:01:892 INFO  ManageBrowser :26 - Clicking on Allow All Cookies button....
2024-01-27 22:01:120 INFO  ManageBrowser :28 - Clicking on Search icon....
2024-01-27 22:01:448 INFO  ManageBrowser :39 - Entering search term in the search bar....
2024-01-27 22:01:285 INFO  ManageBrowser :26 - Clicking on Allow All Cookies button....
2024-01-27 22:01:374 INFO  ManageBrowser :28 - Clicking on Search icon....
2024-01-27 22:01:118 INFO  ManageBrowser :39 - Entering search term in the search bar....
2024-01-27 22:01:204 INFO  ManageBrowser :26 - Clicking on Allow All Cookies button....
2024-01-27 22:01:426 INFO  ManageBrowser :28 - Clicking on Search icon....
2024-01-27 22:01:70 INFO  ManageBrowser :39 - Entering search term in the search bar....
2024-01-27 22:01:61 INFO  ManageBrowser :26 - Clicking on Allow All Cookies button....
2024-01-27 22:01:314 INFO  ManageBrowser :28 - Clicking on Search icon....
2024-01-27 22:01:957 INFO  ManageBrowser :39 - Entering search term in the search bar....
2024-01-27 22:01:820 INFO  ManageBrowser :26 - Clicking on Allow All Cookies button....
2024-01-27 22:01:915 INFO  ManageBrowser :28 - Clicking on Search icon....
2024-01-27 22:01:575 INFO  ManageBrowser :39 - Entering search term in the search bar....
2024-01-27 22:01:786 INFO  ManageBrowser :26 - Clicking on Allow All Cookies button....
2024-01-27 22:01:891 INFO  ManageBrowser :28 - Clicking on Search icon....
2024-01-27 22:01:659 INFO  ManageBrowser :39 - Entering search term in the search bar....
2024-01-27 22:01:754 INFO  ManageBrowser :26 - Clicking on Allow All Cookies button....
2024-01-27 22:01:873 INFO  ManageBrowser :28 - Clicking on Search icon....
2024-01-27 22:01:588 INFO  ManageBrowser :39 - Entering search term in the search bar....
2024-01-27 22:01:762 INFO  ManageBrowser :26 - Clicking on Allow All Cookies button....
2024-01-27 22:01:851 INFO  ManageBrowser :28 - Clicking on Search icon....
2024-01-27 22:01:601 INFO  ManageBrowser :39 - Entering search term in the search bar....
2024-01-27 22:01:658 INFO  ManageBrowser :26 - Clicking on Allow All Cookies button....
2024-01-27 22:01:881 INFO  ManageBrowser :28 - Clicking on Search icon....
2024-01-27 22:01:538 INFO  ManageBrowser :39 - Entering search term in the search bar....
2024-01-27 22:01:63 INFO  ManageBrowser :26 - Clicking on Allow All Cookies button....
2024-01-27 22:01:280 INFO  ManageBrowser :28 - Clicking on Search icon....
2024-01-27 22:01:746 INFO  ManageBrowser :39 - Entering search term in the search bar....
2024-01-27 22:01:678 INFO  ManageBrowser :26 - Clicking on Allow All Cookies button....
2024-01-27 22:01:794 INFO  ManageBrowser :28 - Clicking on Search icon....
2024-01-27 22:01:823 INFO  ManageBrowser :39 - Entering search term in the search bar....
2024-01-27 22:01:144 INFO  ManageBrowser :26 - Clicking on Allow All Cookies button....
2024-01-27 22:01:387 INFO  ManageBrowser :28 - Clicking on Search icon....
2024-01-27 22:01:106 INFO  ManageBrowser :39 - Entering search term in the search bar....
2024-01-27 22:01:102 INFO  ManageBrowser :26 - Clicking on Allow All Cookies button....
2024-01-27 22:01:182 INFO  ManageBrowser :28 - Clicking on Search icon....
2024-01-27 22:01:510 INFO  ManageBrowser :39 - Entering search term in the search bar....
2024-01-27 22:01:595 INFO  ManageBrowser :26 - Clicking on Allow All Cookies button....
2024-01-27 22:01:656 INFO  ManageBrowser :28 - Clicking on Search icon....
2024-01-27 22:01:413 INFO  ManageBrowser :39 - Entering search term in the search bar....
2024-01-27 22:01:768 INFO  ManageBrowser :26 - Clicking on Allow All Cookies button....
2024-01-27 22:01:874 INFO  ManageBrowser :28 - Clicking on Search icon....
2024-01-27 22:01:516 INFO  ManageBrowser :39 - Entering search term in the search bar....
2024-01-27 22:01:227 INFO  ManageBrowser :26 - Clicking on Allow All Cookies button....
2024-01-27 22:01:311 INFO  ManageBrowser :28 - Clicking on Search icon....
2024-01-27 22:01:581 INFO  ManageBrowser :39 - Entering search term in the search bar....
2024-01-27 22:01:251 INFO  ManageBrowser :26 - Clicking on Allow All Cookies button....
2024-01-27 22:01:482 INFO  ManageBrowser :28 - Clicking on Search icon....
2024-01-27 22:01:261 INFO  ManageBrowser :39 - Entering search term in the search bar....
2024-01-27 22:01:475 INFO  ManageBrowser :26 - Clicking on Allow All Cookies button....
2024-01-27 22:01:599 INFO  ManageBrowser :28 - Clicking on Search icon....
2024-01-27 22:01:427 INFO  ManageBrowser :39 - Entering search term in the search bar....
2024-01-27 23:01:690 INFO  ManageBrowser :26 - Clicking on Allow All Cookies button....
2024-01-27 23:01:755 INFO  ManageBrowser :28 - Clicking on Search icon....
2024-01-27 23:01:282 INFO  ManageBrowser :39 - Entering search term in the search bar....
2024-01-27 23:01:498 INFO  ManageBrowser :26 - Clicking on Allow All Cookies button....
2024-01-27 23:01:763 INFO  ManageBrowser :28 - Clicking on Search icon....
2024-01-27 23:01:527 INFO  ManageBrowser :39 - Entering search term in the search bar....
2024-01-27 23:01:182 INFO  ManageBrowser :26 - Clicking on Allow All Cookies button....
2024-01-27 23:01:241 INFO  ManageBrowser :28 - Clicking on Search icon....
2024-01-27 23:01:230 INFO  ManageBrowser :39 - Entering search term in the search bar....
2024-01-27 23:01:451 INFO  ManageBrowser :26 - Clicking on Allow All Cookies button....
2024-01-27 23:01:649 INFO  ManageBrowser :28 - Clicking on Search icon....
2024-01-27 23:01:784 INFO  ManageBrowser :39 - Entering search term in the search bar....
2024-01-27 23:01:118 INFO  ManageBrowser :26 - Clicking on Allow All Cookies button....
2024-01-27 23:01:200 INFO  ManageBrowser :28 - Clicking on Search icon....
2024-01-27 23:01:986 INFO  ManageBrowser :39 - Entering search term in the search bar....
2024-01-27 23:01:764 INFO  ManageBrowser :26 - Clicking on Allow All Cookies button....
2024-01-27 23:01:862 INFO  ManageBrowser :28 - Clicking on Search icon....
2024-01-27 23:01:809 INFO  ManageBrowser :39 - Entering search term in the search bar....
2024-01-27 23:01:990 INFO  ManageBrowser :26 - Clicking on Allow All Cookies button....
2024-01-27 23:01:212 INFO  ManageBrowser :28 - Clicking on Search icon....
2024-01-27 23:01:576 INFO  ManageBrowser :39 - Entering search term in the search bar....
2024-01-27 23:01:257 INFO  ManageBrowser :26 - Clicking on Allow All Cookies button....
2024-01-27 23:01:424 INFO  ManageBrowser :28 - Clicking on Search icon....
2024-01-27 23:01:339 INFO  ManageBrowser :39 - Entering search term in the search bar....
2024-01-27 23:01:721 INFO  ManageBrowser :26 - Clicking on Allow All Cookies button....
2024-01-27 23:01:799 INFO  ManageBrowser :28 - Clicking on Search icon....
2024-01-27 23:01:495 INFO  ManageBrowser :39 - Entering search term in the search bar....
2024-01-28 09:01:13 INFO  ManageBrowser :26 - Clicking on Allow All Cookies button....
2024-01-28 09:01:176 INFO  ManageBrowser :28 - Clicking on Search icon....
2024-01-28 09:01:613 INFO  ManageBrowser :39 - Entering search term in the search bar....
2024-01-28 09:01:794 INFO  ManageBrowser :26 - Clicking on Allow All Cookies button....
2024-01-28 09:01:865 INFO  ManageBrowser :28 - Clicking on Search icon....
2024-01-28 09:01:83 INFO  ManageBrowser :39 - Entering search term in the search bar....
2024-01-28 09:01:627 INFO  ManageBrowser :26 - Clicking on Allow All Cookies button....
2024-01-28 09:01:693 INFO  ManageBrowser :28 - Clicking on Search icon....
2024-01-28 09:01:407 INFO  ManageBrowser :39 - Entering search term in the search bar....
2024-01-28 09:01:684 INFO  ManageBrowser :26 - Clicking on Allow All Cookies button....
2024-01-28 09:01:742 INFO  ManageBrowser :28 - Clicking on Search icon....
2024-01-28 09:01:537 INFO  ManageBrowser :39 - Entering search term in the search bar....
2024-01-28 09:01:289 INFO  ManageBrowser :26 - Clicking on Allow All Cookies button....
2024-01-28 09:01:440 INFO  ManageBrowser :28 - Clicking on Search icon....
2024-01-28 09:01:652 INFO  ManageBrowser :39 - Entering search term in the search bar....
2024-01-28 09:01:845 INFO  ManageBrowser :26 - Clicking on Allow All Cookies button....
2024-01-28 09:01:75 INFO  ManageBrowser :28 - Clicking on Search icon....
2024-01-28 09:01:130 INFO  ManageBrowser :39 - Entering search term in the search bar....
2024-01-28 09:01:818 INFO  ManageBrowser :26 - Clicking on Allow All Cookies button....
2024-01-28 09:01:982 INFO  ManageBrowser :28 - Clicking on Search icon....
2024-01-28 09:01:20 INFO  ManageBrowser :39 - Entering search term in the search bar....
2024-01-28 09:01:444 INFO  ManageBrowser :26 - Clicking on Allow All Cookies button....
2024-01-28 09:01:666 INFO  ManageBrowser :28 - Clicking on Search icon....
2024-01-28 09:01:675 INFO  ManageBrowser :39 - Entering search term in the search bar....
2024-01-28 09:01:135 INFO  ManageBrowser :26 - Clicking on Allow All Cookies button....
2024-01-28 09:01:204 INFO  ManageBrowser :28 - Clicking on Search icon....
2024-01-28 09:01:226 INFO  ManageBrowser :39 - Entering search term in the search bar....
2024-01-28 09:01:247 INFO  ManageBrowser :26 - Clicking on Allow All Cookies button....
2024-01-28 09:01:344 INFO  ManageBrowser :28 - Clicking on Search icon....
2024-01-28 09:01:468 INFO  ManageBrowser :39 - Entering search term in the search bar....
2024-01-28 09:01:697 INFO  ManageBrowser :26 - Clicking on Allow All Cookies button....
2024-01-28 09:01:763 INFO  ManageBrowser :28 - Clicking on Search icon....
2024-01-28 09:01:951 INFO  ManageBrowser :39 - Entering search term in the search bar....
2024-01-28 09:01:245 INFO  ManageBrowser :26 - Clicking on Allow All Cookies button....
2024-01-28 09:01:329 INFO  ManageBrowser :28 - Clicking on Search icon....
2024-01-28 09:01:447 INFO  ManageBrowser :39 - Entering search term in the search bar....
2024-01-28 09:01:562 INFO  ManageBrowser :26 - Clicking on Allow All Cookies button....
2024-01-28 09:01:817 INFO  ManageBrowser :28 - Clicking on Search icon....
2024-01-28 09:01:841 INFO  ManageBrowser :39 - Entering search term in the search bar....
2024-01-28 09:01:813 INFO  ManageBrowser :26 - Clicking on Allow All Cookies button....
2024-01-28 09:01:956 INFO  ManageBrowser :28 - Clicking on Search icon....
2024-01-28 09:01:604 INFO  ManageBrowser :39 - Entering search term in the search bar....
2024-01-28 09:01:455 INFO  ManageBrowser :26 - Clicking on Allow All Cookies button....
2024-01-28 09:01:576 INFO  ManageBrowser :28 - Clicking on Search icon....
2024-01-28 09:01:497 INFO  ManageBrowser :39 - Entering search term in the search bar....
2024-01-28 09:01:87 INFO  ManageBrowser :26 - Clicking on Allow All Cookies button....
2024-01-28 09:01:141 INFO  ManageBrowser :28 - Clicking on Search icon....
2024-01-28 09:01:292 INFO  ManageBrowser :39 - Entering search term in the search bar....
2024-01-28 09:01:893 INFO  ManageBrowser :26 - Clicking on Allow All Cookies button....
2024-01-28 09:01:124 INFO  ManageBrowser :28 - Clicking on Search icon....
2024-01-28 09:01:901 INFO  ManageBrowser :39 - Entering search term in the search bar....
2024-01-28 09:01:794 INFO  ManageBrowser :26 - Clicking on Allow All Cookies button....
2024-01-28 09:01:30 INFO  ManageBrowser :28 - Clicking on Search icon....
2024-01-28 09:01:613 INFO  ManageBrowser :39 - Entering search term in the search bar....
2024-01-28 09:01:372 INFO  ManageBrowser :26 - Clicking on Allow All Cookies button....
2024-01-28 09:01:474 INFO  ManageBrowser :28 - Clicking on Search icon....
2024-01-28 09:01:456 INFO  ManageBrowser :39 - Entering search term in the search bar....
2024-01-28 09:01:900 INFO  ManageBrowser :26 - Clicking on Allow All Cookies button....
2024-01-28 09:01:122 INFO  ManageBrowser :28 - Clicking on Search icon....
2024-01-28 09:01:969 INFO  ManageBrowser :39 - Entering search term in the search bar....
2024-01-28 09:01:985 INFO  ManageBrowser :26 - Clicking on Allow All Cookies button....
2024-01-28 09:01:122 INFO  ManageBrowser :28 - Clicking on Search icon....
2024-01-28 09:01:850 INFO  ManageBrowser :39 - Entering search term in the search bar....
2024-01-28 09:01:779 INFO  ManageBrowser :26 - Clicking on Allow All Cookies button....
2024-01-28 09:01:877 INFO  ManageBrowser :28 - Clicking on Search icon....
2024-01-28 09:01:100 INFO  ManageBrowser :39 - Entering search term in the search bar....
2024-01-28 09:01:888 INFO  ManageBrowser :26 - Clicking on Allow All Cookies button....
2024-01-28 09:01:988 INFO  ManageBrowser :28 - Clicking on Search icon....
2024-01-28 09:01:732 INFO  ManageBrowser :39 - Entering search term in the search bar....
2024-01-28 09:01:751 INFO  ManageBrowser :26 - Clicking on Allow All Cookies button....
2024-01-28 09:01:831 INFO  ManageBrowser :28 - Clicking on Search icon....
2024-01-28 09:01:753 INFO  ManageBrowser :39 - Entering search term in the search bar....
2024-01-28 09:01:953 INFO  ManageBrowser :26 - Clicking on Allow All Cookies button....
2024-01-28 09:01:63 INFO  ManageBrowser :28 - Clicking on Search icon....
2024-01-28 09:01:445 INFO  ManageBrowser :39 - Entering search term in the search bar....
2024-01-28 09:01:397 INFO  ManageBrowser :26 - Clicking on Allow All Cookies button....
2024-01-28 09:01:755 INFO  ManageBrowser :28 - Clicking on Search icon....
2024-01-28 09:01:829 INFO  ManageBrowser :39 - Entering search term in the search bar....
2024-01-28 09:01:831 INFO  ManageBrowser :26 - Clicking on Allow All Cookies button....
2024-01-28 09:01:903 INFO  ManageBrowser :28 - Clicking on Search icon....
2024-01-28 09:01:968 INFO  ManageBrowser :39 - Entering search term in the search bar....
2024-01-28 09:01:610 INFO  ManageBrowser :26 - Clicking on Allow All Cookies button....
2024-01-28 09:01:682 INFO  ManageBrowser :28 - Clicking on Search icon....
2024-01-28 09:01:27 INFO  ManageBrowser :39 - Entering search term in the search bar....
2024-01-28 09:01:407 INFO  ManageBrowser :26 - Clicking on Allow All Cookies button....
2024-01-28 09:01:635 INFO  ManageBrowser :28 - Clicking on Search icon....
2024-01-28 09:01:552 INFO  ManageBrowser :39 - Entering search term in the search bar....
2024-01-28 09:01:41 INFO  ManageBrowser :26 - Clicking on Allow All Cookies button....
2024-01-28 09:01:358 INFO  ManageBrowser :28 - Clicking on Search icon....
2024-01-28 09:01:283 INFO  ManageBrowser :39 - Entering search term in the search bar....
2024-01-28 09:01:857 INFO  ManageBrowser :26 - Clicking on Allow All Cookies button....
2024-01-28 09:01:924 INFO  ManageBrowser :28 - Clicking on Search icon....
2024-01-28 09:01:33 INFO  ManageBrowser :39 - Entering search term in the search bar....
2024-01-28 09:01:145 INFO  ManageBrowser :26 - Clicking on Allow All Cookies button....
2024-01-28 09:01:386 INFO  ManageBrowser :28 - Clicking on Search icon....
2024-01-28 09:01:922 INFO  ManageBrowser :39 - Entering search term in the search bar....
2024-01-28 09:01:608 INFO  ManageBrowser :26 - Clicking on Allow All Cookies button....
2024-01-28 09:01:694 INFO  ManageBrowser :28 - Clicking on Search icon....
2024-01-28 09:01:990 INFO  ManageBrowser :39 - Entering search term in the search bar....
2024-01-28 09:01:28 INFO  ManageBrowser :26 - Clicking on Allow All Cookies button....
2024-01-28 09:01:264 INFO  ManageBrowser :28 - Clicking on Search icon....
2024-01-28 09:01:426 INFO  ManageBrowser :39 - Entering search term in the search bar....
2024-01-28 09:01:767 INFO  ManageBrowser :26 - Clicking on Allow All Cookies button....
2024-01-28 09:01:73 INFO  ManageBrowser :28 - Clicking on Search icon....
2024-01-28 09:01:427 INFO  ManageBrowser :39 - Entering search term in the search bar....
2024-01-28 09:01:256 INFO  ManageBrowser :26 - Clicking on Allow All Cookies button....
2024-01-28 09:01:479 INFO  ManageBrowser :28 - Clicking on Search icon....
2024-01-28 09:01:347 INFO  ManageBrowser :39 - Entering search term in the search bar....
2024-01-28 09:01:15 INFO  ManageBrowser :26 - Clicking on Allow All Cookies button....
2024-01-28 09:01:246 INFO  ManageBrowser :28 - Clicking on Search icon....
2024-01-28 09:01:256 INFO  ManageBrowser :39 - Entering search term in the search bar....
2024-01-28 09:01:884 INFO  ManageBrowser :26 - Clicking on Allow All Cookies button....
2024-01-28 09:01:991 INFO  ManageBrowser :28 - Clicking on Search icon....
2024-01-28 09:01:71 INFO  ManageBrowser :39 - Entering search term in the search bar....
2024-01-28 09:01:64 INFO  ManageBrowser :26 - Clicking on Allow All Cookies button....
2024-01-28 09:01:121 INFO  ManageBrowser :28 - Clicking on Search icon....
2024-01-28 09:01:134 INFO  ManageBrowser :39 - Entering search term in the search bar....
2024-01-28 09:01:566 INFO  ManageBrowser :26 - Clicking on Allow All Cookies button....
2024-01-28 09:01:648 INFO  ManageBrowser :28 - Clicking on Search icon....
2024-01-28 09:01:807 INFO  ManageBrowser :39 - Entering search term in the search bar....
2024-01-28 09:01:942 INFO  ManageBrowser :26 - Clicking on Allow All Cookies button....
2024-01-28 09:01:31 INFO  ManageBrowser :28 - Clicking on Search icon....
2024-01-28 09:01:774 INFO  ManageBrowser :39 - Entering search term in the search bar....
2024-01-28 09:01:742 INFO  ManageBrowser :26 - Clicking on Allow All Cookies button....
2024-01-28 09:01:810 INFO  ManageBrowser :28 - Clicking on Search icon....
2024-01-28 09:01:866 INFO  ManageBrowser :39 - Entering search term in the search bar....
2024-01-28 09:01:661 INFO  ManageBrowser :26 - Clicking on Allow All Cookies button....
2024-01-28 09:01:890 INFO  ManageBrowser :28 - Clicking on Search icon....
2024-01-28 09:01:356 INFO  ManageBrowser :39 - Entering search term in the search bar....
2024-01-28 09:01:350 INFO  ManageBrowser :26 - Clicking on Allow All Cookies button....
2024-01-28 09:01:621 INFO  ManageBrowser :28 - Clicking on Search icon....
2024-01-28 09:01:234 INFO  ManageBrowser :39 - Entering search term in the search bar....
2024-01-28 09:01:276 INFO  ManageBrowser :26 - Clicking on Allow All Cookies button....
2024-01-28 09:01:42 INFO  ManageBrowser :28 - Clicking on Search icon....
2024-01-28 09:01:703 INFO  ManageBrowser :39 - Entering search term in the search bar....
2024-01-28 09:01:446 INFO  ManageBrowser :26 - Clicking on Allow All Cookies button....
2024-01-28 09:01:691 INFO  ManageBrowser :28 - Clicking on Search icon....
2024-01-28 09:01:234 INFO  ManageBrowser :39 - Entering search term in the search bar....
2024-01-28 09:01:292 INFO  ManageBrowser :26 - Clicking on Allow All Cookies button....
2024-01-28 09:01:656 INFO  ManageBrowser :28 - Clicking on Search icon....
2024-01-28 09:01:396 INFO  ManageBrowser :39 - Entering search term in the search bar....
2024-01-28 09:01:735 INFO  ManageBrowser :26 - Clicking on Allow All Cookies button....
2024-01-28 09:01:155 INFO  ManageBrowser :28 - Clicking on Search icon....
2024-01-28 09:01:70 INFO  ManageBrowser :39 - Entering search term in the search bar....
2024-01-28 09:01:895 INFO  ManageBrowser :26 - Clicking on Allow All Cookies button....
2024-01-28 09:01:183 INFO  ManageBrowser :28 - Clicking on Search icon....
2024-01-28 09:01:605 INFO  ManageBrowser :39 - Entering search term in the search bar....
2024-01-28 09:01:396 INFO  ManageBrowser :26 - Clicking on Allow All Cookies button....
2024-01-28 09:01:532 INFO  ManageBrowser :28 - Clicking on Search icon....
2024-01-28 09:01:576 INFO  ManageBrowser :26 - Clicking on Allow All Cookies button....
2024-01-28 09:01:859 INFO  ManageBrowser :28 - Clicking on Search icon....
2024-01-28 09:01:993 INFO  ManageBrowser :39 - Entering search term in the search bar....
2024-01-28 09:01:351 INFO  ManageBrowser :39 - Entering search term in the search bar....
2024-01-28 09:01:338 INFO  ManageBrowser :26 - Clicking on Allow All Cookies button....
2024-01-28 09:01:499 INFO  ManageBrowser :28 - Clicking on Search icon....
2024-01-28 09:01:236 INFO  ManageBrowser :39 - Entering search term in the search bar....
2024-01-28 09:01:266 INFO  ManageBrowser :26 - Clicking on Allow All Cookies button....
2024-01-28 09:01:412 INFO  ManageBrowser :28 - Clicking on Search icon....
2024-01-28 09:01:453 INFO  ManageBrowser :39 - Entering search term in the search bar....
2024-01-28 09:01:808 INFO  ManageBrowser :26 - Clicking on Allow All Cookies button....
2024-01-28 09:01:79 INFO  ManageBrowser :28 - Clicking on Search icon....
2024-01-28 09:01:806 INFO  ManageBrowser :39 - Entering search term in the search bar....
2024-01-28 10:01:345 INFO  ManageBrowser :26 - Clicking on Allow All Cookies button....
2024-01-28 10:01:490 INFO  ManageBrowser :28 - Clicking on Search icon....
2024-01-28 10:01:804 INFO  ManageBrowser :26 - Clicking on Allow All Cookies button....
2024-01-28 10:01:60 INFO  ManageBrowser :28 - Clicking on Search icon....
2024-01-28 10:01:997 INFO  ManageBrowser :39 - Entering search term in the search bar....
2024-01-28 10:01:66 INFO  ManageBrowser :39 - Entering search term in the search bar....
2024-01-28 10:01:446 INFO  ManageBrowser :26 - Clicking on Allow All Cookies button....
2024-01-28 10:01:808 INFO  ManageBrowser :28 - Clicking on Search icon....
2024-01-28 10:01:795 INFO  ManageBrowser :39 - Entering search term in the search bar....
2024-01-28 10:01:183 INFO  ManageBrowser :26 - Clicking on Allow All Cookies button....
2024-01-28 10:01:677 INFO  ManageBrowser :28 - Clicking on Search icon....
2024-01-28 10:01:447 INFO  ManageBrowser :39 - Entering search term in the search bar....
2024-01-28 10:01:437 INFO  ManageBrowser :26 - Clicking on Allow All Cookies button....
2024-01-28 10:01:938 INFO  ManageBrowser :28 - Clicking on Search icon....
2024-01-28 10:01:955 INFO  ManageBrowser :39 - Entering search term in the search bar....
2024-01-28 10:01:991 INFO  ManageBrowser :26 - Clicking on Allow All Cookies button....
2024-01-28 10:01:226 INFO  ManageBrowser :28 - Clicking on Search icon....
2024-01-28 10:01:838 INFO  ManageBrowser :39 - Entering search term in the search bar....
2024-01-28 10:01:891 INFO  ManageBrowser :26 - Clicking on Allow All Cookies button....
2024-01-28 10:01:11 INFO  ManageBrowser :28 - Clicking on Search icon....
2024-01-28 10:01:839 INFO  ManageBrowser :39 - Entering search term in the search bar....
2024-01-28 10:01:154 INFO  ManageBrowser :26 - Clicking on Allow All Cookies button....
2024-01-28 10:01:249 INFO  ManageBrowser :28 - Clicking on Search icon....
2024-01-28 10:01:32 INFO  ManageBrowser :39 - Entering search term in the search bar....
2024-01-28 10:01:329 INFO  ManageBrowser :26 - Clicking on Allow All Cookies button....
2024-01-28 10:01:410 INFO  ManageBrowser :28 - Clicking on Search icon....
2024-01-28 10:01:178 INFO  ManageBrowser :39 - Entering search term in the search bar....
2024-01-28 10:01:259 INFO  ManageBrowser :26 - Clicking on Allow All Cookies button....
2024-01-28 10:01:608 INFO  ManageBrowser :28 - Clicking on Search icon....
2024-01-28 10:01:879 INFO  ManageBrowser :26 - Clicking on Allow All Cookies button....
2024-01-28 10:01:955 INFO  ManageBrowser :39 - Entering search term in the search bar....
2024-01-28 10:01:119 INFO  ManageBrowser :28 - Clicking on Search icon....
2024-01-28 10:01:806 INFO  ManageBrowser :39 - Entering search term in the search bar....
2024-01-28 10:01:328 INFO  ManageBrowser :26 - Clicking on Allow All Cookies button....
2024-01-28 10:01:420 INFO  ManageBrowser :28 - Clicking on Search icon....
2024-01-28 10:01:389 INFO  ManageBrowser :39 - Entering search term in the search bar....
2024-01-28 10:01:484 INFO  ManageBrowser :26 - Clicking on Allow All Cookies button....
2024-01-28 10:01:192 INFO  ManageBrowser :28 - Clicking on Search icon....
2024-01-28 10:01:289 INFO  ManageBrowser :39 - Entering search term in the search bar....
2024-01-28 10:01:784 INFO  ManageBrowser :26 - Clicking on Allow All Cookies button....
2024-01-28 10:01:172 INFO  ManageBrowser :28 - Clicking on Search icon....
2024-01-28 10:01:196 INFO  ManageBrowser :39 - Entering search term in the search bar....
2024-01-28 10:01:717 INFO  ManageBrowser :26 - Clicking on Allow All Cookies button....
2024-01-28 10:01:221 INFO  ManageBrowser :28 - Clicking on Search icon....
2024-01-28 10:01:540 INFO  ManageBrowser :39 - Entering search term in the search bar....
2024-01-28 10:01:451 INFO  ManageBrowser :26 - Clicking on Allow All Cookies button....
2024-01-28 10:01:521 INFO  ManageBrowser :28 - Clicking on Search icon....
2024-01-28 10:01:348 INFO  ManageBrowser :26 - Clicking on Allow All Cookies button....
2024-01-28 10:01:850 INFO  ManageBrowser :28 - Clicking on Search icon....
2024-01-28 10:01:22 INFO  ManageBrowser :39 - Entering search term in the search bar....
2024-01-28 10:01:710 INFO  ManageBrowser :39 - Entering search term in the search bar....
2024-01-28 10:01:784 INFO  ManageBrowser :26 - Clicking on Allow All Cookies button....
2024-01-28 10:01:531 INFO  ManageBrowser :28 - Clicking on Search icon....
2024-01-28 10:01:540 INFO  ManageBrowser :39 - Entering search term in the search bar....
2024-01-28 10:01:114 INFO  ManageBrowser :26 - Clicking on Allow All Cookies button....
2024-01-28 10:01:472 INFO  ManageBrowser :28 - Clicking on Search icon....
2024-01-28 10:01:278 INFO  ManageBrowser :39 - Entering search term in the search bar....
2024-01-28 10:01:650 INFO  ManageBrowser :26 - Clicking on Allow All Cookies button....
2024-01-28 10:01:763 INFO  ManageBrowser :28 - Clicking on Search icon....
2024-01-28 10:01:841 INFO  ManageBrowser :39 - Entering search term in the search bar....
2024-01-28 10:01:446 INFO  ManageBrowser :26 - Clicking on Allow All Cookies button....
2024-01-28 10:01:944 INFO  ManageBrowser :28 - Clicking on Search icon....
2024-01-28 10:01:618 INFO  ManageBrowser :39 - Entering search term in the search bar....
2024-01-28 11:01:539 INFO  ManageBrowser :26 - Clicking on Allow All Cookies button....
2024-01-28 11:01:601 INFO  ManageBrowser :28 - Clicking on Search icon....
2024-01-28 11:01:975 INFO  ManageBrowser :39 - Entering search term in the search bar....
2024-01-28 11:01:277 INFO  ManageBrowser :59 - Verifying if the search results contain all the search term letters.... 
2024-01-28 11:01:980 INFO  ManageBrowser :26 - Clicking on Allow All Cookies button....
2024-01-28 11:01:78 INFO  ManageBrowser :28 - Clicking on Search icon....
2024-01-28 11:01:995 INFO  ManageBrowser :39 - Entering search term in the search bar....
2024-01-28 11:01:539 INFO  ManageBrowser :59 - Verifying if the search results contain all the search term letters.... 
2024-01-28 11:01:351 INFO  ManageBrowser :26 - Clicking on Allow All Cookies button....
2024-01-28 11:01:471 INFO  ManageBrowser :28 - Clicking on Search icon....
2024-01-28 11:01:148 INFO  ManageBrowser :39 - Entering search term in the search bar....
2024-01-28 11:01:319 INFO  ManageBrowser :59 - Verifying if the search results contain all the search term letters.... 
2024-01-28 11:01:770 INFO  ManageBrowser :26 - Clicking on Allow All Cookies button....
2024-01-28 11:01:02 INFO  ManageBrowser :28 - Clicking on Search icon....
2024-01-28 11:01:179 INFO  ManageBrowser :39 - Entering search term in the search bar....
2024-01-28 11:01:439 INFO  ManageBrowser :59 - Verifying if the search results contain all the search term letters.... 
2024-01-28 11:01:217 INFO  ManageBrowser :26 - Clicking on Allow All Cookies button....
2024-01-28 11:01:309 INFO  ManageBrowser :28 - Clicking on Search icon....
2024-01-28 11:01:39 INFO  ManageBrowser :39 - Entering search term in the search bar....
2024-01-28 11:01:662 INFO  ManageBrowser :59 - Verifying if the search results contain all the search term letters.... 
2024-01-28 11:01:227 INFO  ManageBrowser :26 - Clicking on Allow All Cookies button....
2024-01-28 11:01:311 INFO  ManageBrowser :28 - Clicking on Search icon....
2024-01-28 11:01:260 INFO  ManageBrowser :39 - Entering search term in the search bar....
2024-01-28 11:01:442 INFO  ManageBrowser :59 - Verifying if the search results contain all the search term letters.... 
2024-01-28 21:01:102 INFO  ManageBrowser :26 - Clicking on Allow All Cookies button....
2024-01-28 21:01:163 INFO  ManageBrowser :28 - Clicking on Search icon....
2024-01-28 21:01:551 INFO  ManageBrowser :39 - Entering search term in the search bar....
2024-01-28 21:01:825 INFO  ManageBrowser :59 - Verifying if the search results contain all the search term letters.... 
2024-01-28 21:01:122 INFO  ManageBrowser :26 - Clicking on Allow All Cookies button....
2024-01-28 21:01:246 INFO  ManageBrowser :28 - Clicking on Search icon....
2024-01-28 21:01:368 INFO  ManageBrowser :39 - Entering search term in the search bar....
2024-01-28 21:01:960 INFO  ManageBrowser :59 - Verifying if the search results contain all the search term letters.... 
2024-01-28 21:01:603 INFO  ManageBrowser :26 - Clicking on Allow All Cookies button....
2024-01-28 21:01:711 INFO  ManageBrowser :28 - Clicking on Search icon....
2024-01-28 21:01:126 INFO  ManageBrowser :39 - Entering search term in the search bar....
2024-01-28 21:01:400 INFO  ManageBrowser :59 - Verifying if the search results contain all the search term letters.... 
2024-01-28 21:01:473 INFO  ManageBrowser :26 - Clicking on Allow All Cookies button....
2024-01-28 21:01:534 INFO  ManageBrowser :28 - Clicking on Search icon....
2024-01-28 21:01:520 INFO  ManageBrowser :39 - Entering search term in the search bar....
2024-01-28 21:01:72 INFO  ManageBrowser :59 - Verifying if the search results contain all the search term letters.... 
2024-01-28 21:01:53 INFO  ManageBrowser :26 - Clicking on Allow All Cookies button....
2024-01-28 21:01:482 INFO  ManageBrowser :28 - Clicking on Search icon....
2024-01-28 21:01:772 INFO  ManageBrowser :39 - Entering search term in the search bar....
2024-01-28 21:01:73 INFO  ManageBrowser :59 - Verifying if the search results contain all the search term letters.... 
2024-01-28 21:01:646 INFO  ManageBrowser :26 - Clicking on Allow All Cookies button....
2024-01-28 21:01:904 INFO  ManageBrowser :28 - Clicking on Search icon....
2024-01-28 21:01:59 INFO  ManageBrowser :39 - Entering search term in the search bar....
2024-01-28 21:01:210 INFO  ManageBrowser :26 - Clicking on Allow All Cookies button....
2024-01-28 21:01:263 INFO  ManageBrowser :59 - Verifying if the search results contain all the search term letters.... 
2024-01-28 21:01:433 INFO  ManageBrowser :28 - Clicking on Search icon....
2024-01-28 21:01:347 INFO  ManageBrowser :26 - Clicking on Allow All Cookies button....
2024-01-28 21:01:430 INFO  ManageBrowser :28 - Clicking on Search icon....
2024-01-28 21:01:891 INFO  ManageBrowser :39 - Entering search term in the search bar....
2024-01-28 21:01:319 INFO  ManageBrowser :59 - Verifying if the search results contain all the search term letters.... 
2024-01-28 21:01:318 INFO  ManageBrowser :26 - Clicking on Allow All Cookies button....
2024-01-28 21:01:379 INFO  ManageBrowser :28 - Clicking on Search icon....
2024-01-28 21:01:390 INFO  ManageBrowser :39 - Entering search term in the search bar....
2024-01-28 21:01:177 INFO  ManageBrowser :59 - Verifying if the search results contain all the search term letters.... 
2024-01-28 21:01:10 INFO  ManageBrowser :26 - Clicking on Allow All Cookies button....
2024-01-28 21:01:238 INFO  ManageBrowser :28 - Clicking on Search icon....
2024-01-28 21:01:394 INFO  ManageBrowser :26 - Clicking on Allow All Cookies button....
2024-01-28 21:01:636 INFO  ManageBrowser :28 - Clicking on Search icon....
2024-01-28 21:01:160 INFO  ManageBrowser :26 - Clicking on Allow All Cookies button....
2024-01-28 21:01:228 INFO  ManageBrowser :28 - Clicking on Search icon....
2024-01-28 21:01:246 INFO  ManageBrowser :39 - Entering search term in the search bar....
2024-01-28 21:01:846 INFO  ManageBrowser :59 - Verifying if the search results contain all the search term letters.... 
2024-01-28 21:01:578 INFO  ManageBrowser :26 - Clicking on Allow All Cookies button....
2024-01-28 21:01:635 INFO  ManageBrowser :28 - Clicking on Search icon....
2024-01-28 21:01:851 INFO  ManageBrowser :39 - Entering search term in the search bar....
2024-01-28 21:01:99 INFO  ManageBrowser :59 - Verifying if the search results contain all the search term letters.... 
2024-01-28 21:01:929 INFO  ManageBrowser :26 - Clicking on Allow All Cookies button....
2024-01-28 21:01:992 INFO  ManageBrowser :28 - Clicking on Search icon....
2024-01-28 21:01:805 INFO  ManageBrowser :39 - Entering search term in the search bar....
2024-01-28 21:01:364 INFO  ManageBrowser :59 - Verifying if the search results contain all the search term letters.... 
2024-01-28 21:01:177 INFO  ManageBrowser :26 - Clicking on Allow All Cookies button....
2024-01-28 21:01:373 INFO  ManageBrowser :28 - Clicking on Search icon....
2024-01-28 21:01:609 INFO  ManageBrowser :39 - Entering search term in the search bar....
2024-01-28 21:01:903 INFO  ManageBrowser :59 - Verifying if the search results contain all the search term letters.... 
2024-01-28 21:01:05 INFO  ManageBrowser :26 - Clicking on Allow All Cookies button....
2024-01-28 21:01:127 INFO  ManageBrowser :28 - Clicking on Search icon....
2024-01-28 21:01:153 INFO  ManageBrowser :39 - Entering search term in the search bar....
2024-01-28 21:01:997 INFO  ManageBrowser :59 - Verifying if the search results contain all the search term letters.... 
2024-01-28 22:01:287 INFO  ManageBrowser :25 - Clicking on Allow All Cookies button....
2024-01-28 22:01:599 INFO  ManageBrowser :27 - Clicking on Search icon....
2024-01-28 22:01:747 INFO  ManageBrowser :37 - Entering search term in the search bar....
2024-01-28 22:01:389 INFO  ManageBrowser :59 - Verifying if the search results contain all the search term letters.... 
2024-01-28 22:01:358 INFO  ManageBrowser :25 - Clicking on Allow All Cookies button....
2024-01-28 22:01:544 INFO  ManageBrowser :27 - Clicking on Search icon....
2024-01-28 22:01:788 INFO  ManageBrowser :37 - Entering search term in the search bar....
2024-01-28 22:01:694 INFO  ManageBrowser :59 - Verifying if the search results contain all the search term letters.... 
2024-01-28 22:01:842 INFO  ManageBrowser :25 - Clicking on Allow All Cookies button....
2024-01-28 22:01:953 INFO  ManageBrowser :27 - Clicking on Search icon....
2024-01-28 22:01:172 INFO  ManageBrowser :37 - Entering search term in the search bar....
2024-01-28 22:01:713 INFO  ManageBrowser :59 - Verifying if the search results contain all the search term letters.... 
2024-01-28 22:01:903 INFO  ManageBrowser :25 - Clicking on Allow All Cookies button....
2024-01-28 22:01:990 INFO  ManageBrowser :27 - Clicking on Search icon....
2024-01-28 22:01:68 INFO  ManageBrowser :37 - Entering search term in the search bar....
2024-01-28 22:01:666 INFO  ManageBrowser :59 - Verifying if the search results contain all the search term letters.... 
2024-01-28 22:01:928 INFO  ManageBrowser :20 - Clicking on Login link....
2024-01-28 22:01:464 INFO  ManageBrowser :25 - Clicking on Allow All Cookies button....
2024-01-28 22:01:585 INFO  ManageBrowser :27 - Clicking on Search icon....
2024-01-28 22:01:382 INFO  ManageBrowser :37 - Entering search term in the search bar....
2024-01-28 22:01:265 INFO  ManageBrowser :59 - Verifying if the search results contain all the search term letters.... 
2024-01-28 22:01:954 INFO  ManageBrowser :25 - Clicking on Allow All Cookies button....
2024-01-28 22:01:93 INFO  ManageBrowser :27 - Clicking on Search icon....
2024-01-28 22:01:196 INFO  ManageBrowser :37 - Entering search term in the search bar....
2024-01-28 22:01:715 INFO  ManageBrowser :59 - Verifying if the search results contain all the search term letters.... 
2024-01-28 22:01:877 INFO  ManageBrowser :20 - Clicking on Allow All Cookies button....
2024-01-28 22:01:46 INFO  ManageBrowser :22 - Clicking on Login link....
2024-01-28 22:01:565 INFO  ManageBrowser :28 - Entering user name and password....
2024-01-28 22:01:552 INFO  ManageBrowser :25 - Clicking on Allow All Cookies button....
2024-01-28 22:01:647 INFO  ManageBrowser :27 - Clicking on Search icon....
2024-01-28 22:01:881 INFO  ManageBrowser :37 - Entering search term in the search bar....
2024-01-28 22:01:415 INFO  ManageBrowser :59 - Verifying if the search results contain all the search term letters.... 
2024-01-28 22:01:220 INFO  ManageBrowser :25 - Clicking on Allow All Cookies button....
2024-01-28 22:01:314 INFO  ManageBrowser :27 - Clicking on Search icon....
2024-01-28 22:01:419 INFO  ManageBrowser :37 - Entering search term in the search bar....
2024-01-28 22:01:915 INFO  ManageBrowser :59 - Verifying if the search results contain all the search term letters.... 
2024-01-28 22:01:219 INFO  ManageBrowser :20 - Clicking on Allow All Cookies button....
2024-01-28 22:01:335 INFO  ManageBrowser :22 - Clicking on Login link....
2024-01-28 22:01:576 INFO  ManageBrowser :28 - Entering user name and password....
2024-01-28 22:01:379 INFO  ManageBrowser :25 - Clicking on Allow All Cookies button....
2024-01-28 22:01:526 INFO  ManageBrowser :27 - Clicking on Search icon....
2024-01-28 22:01:462 INFO  ManageBrowser :37 - Entering search term in the search bar....
2024-01-28 22:01:331 INFO  ManageBrowser :59 - Verifying if the search results contain all the search term letters.... 
2024-01-28 22:01:836 INFO  ManageBrowser :25 - Clicking on Allow All Cookies button....
2024-01-28 22:01:945 INFO  ManageBrowser :27 - Clicking on Search icon....
2024-01-28 22:01:62 INFO  ManageBrowser :37 - Entering search term in the search bar....
2024-01-28 22:01:840 INFO  ManageBrowser :59 - Verifying if the search results contain all the search term letters.... 
2024-01-28 22:01:217 INFO  ManageBrowser :20 - Clicking on Allow All Cookies button....
2024-01-28 22:01:385 INFO  ManageBrowser :23 - Clicking on Login link....
2024-01-28 22:01:612 INFO  ManageBrowser :29 - Entering user name and password....
2024-01-28 22:01:915 INFO  ManageBrowser :25 - Clicking on Allow All Cookies button....
2024-01-28 22:01:51 INFO  ManageBrowser :27 - Clicking on Search icon....
2024-01-28 22:01:617 INFO  ManageBrowser :37 - Entering search term in the search bar....
2024-01-28 22:01:190 INFO  ManageBrowser :59 - Verifying if the search results contain all the search term letters.... 
2024-01-28 22:01:886 INFO  ManageBrowser :25 - Clicking on Allow All Cookies button....
2024-01-28 22:01:31 INFO  ManageBrowser :27 - Clicking on Search icon....
2024-01-28 22:01:141 INFO  ManageBrowser :37 - Entering search term in the search bar....
2024-01-28 22:01:967 INFO  ManageBrowser :59 - Verifying if the search results contain all the search term letters.... 
2024-01-28 22:01:202 INFO  ManageBrowser :20 - Clicking on Allow All Cookies button....
2024-01-28 22:01:371 INFO  ManageBrowser :23 - Clicking on Login link....
2024-01-28 22:01:535 INFO  ManageBrowser :29 - Entering user name and password....
2024-01-28 22:01:425 INFO  ManageBrowser :25 - Clicking on Allow All Cookies button....
2024-01-28 22:01:988 INFO  ManageBrowser :21 - Clicking on Allow All Cookies button....
2024-01-28 22:01:208 INFO  ManageBrowser :25 - Clicking on Login link....
2024-01-28 22:01:418 INFO  ManageBrowser :31 - Entering user name and password....
2024-01-28 22:01:756 INFO  ManageBrowser :25 - Clicking on Allow All Cookies button....
2024-01-28 22:01:963 INFO  ManageBrowser :27 - Clicking on Search icon....
2024-01-28 22:01:383 INFO  ManageBrowser :37 - Entering search term in the search bar....
2024-01-28 22:01:350 INFO  ManageBrowser :59 - Verifying if the search results contain all the search term letters.... 
2024-01-28 22:01:921 INFO  ManageBrowser :21 - Clicking on Allow All Cookies button....
2024-01-28 22:01:139 INFO  ManageBrowser :25 - Clicking on Login link....
2024-01-28 22:01:607 INFO  ManageBrowser :31 - Entering user name and password....
2024-01-28 22:01:558 INFO  ManageBrowser :25 - Clicking on Allow All Cookies button....
2024-01-28 22:01:333 INFO  ManageBrowser :21 - Clicking on Allow All Cookies button....
2024-01-28 22:01:497 INFO  ManageBrowser :25 - Clicking on Login link....
2024-01-28 22:01:723 INFO  ManageBrowser :31 - Entering user name and password....
2024-01-28 22:01:700 INFO  ManageBrowser :21 - Clicking on Allow All Cookies button....
2024-01-28 22:01:321 INFO  ManageBrowser :21 - Clicking on Allow All Cookies button....
2024-01-28 22:01:07 INFO  ManageBrowser :25 - Clicking on Login link....
2024-01-28 22:01:205 INFO  ManageBrowser :31 - Entering user name and password....
2024-01-28 22:01:844 INFO  ManageBrowser :25 - Clicking on Login link....
2024-01-28 22:01:180 INFO  ManageBrowser :31 - Entering user name and password....
2024-01-28 22:01:163 INFO  ManageBrowser :25 - Clicking on Allow All Cookies button....
2024-01-28 22:01:372 INFO  ManageBrowser :27 - Clicking on Search icon....
2024-01-28 22:01:922 INFO  ManageBrowser :37 - Entering search term in the search bar....
2024-01-28 22:01:257 INFO  ManageBrowser :25 - Clicking on Allow All Cookies button....
2024-01-28 22:01:568 INFO  ManageBrowser :27 - Clicking on Search icon....
2024-01-28 22:01:724 INFO  ManageBrowser :59 - Verifying if the search results contain all the search term letters.... 
2024-01-28 22:01:848 INFO  ManageBrowser :37 - Entering search term in the search bar....
2024-01-28 22:01:496 INFO  ManageBrowser :25 - Clicking on Allow All Cookies button....
2024-01-28 22:01:510 INFO  ManageBrowser :25 - Clicking on Allow All Cookies button....
2024-01-28 22:01:843 INFO  ManageBrowser :27 - Clicking on Search icon....
2024-01-28 22:01:363 INFO  ManageBrowser :37 - Entering search term in the search bar....
2024-01-28 22:01:317 INFO  ManageBrowser :21 - Clicking on Allow All Cookies button....
2024-01-28 22:01:499 INFO  ManageBrowser :25 - Clicking on Login link....
2024-01-28 22:01:715 INFO  ManageBrowser :31 - Entering user name and password....
2024-01-28 22:01:793 INFO  ManageBrowser :25 - Clicking on Allow All Cookies button....
2024-01-28 22:01:951 INFO  ManageBrowser :27 - Clicking on Search icon....
2024-01-28 22:01:260 INFO  ManageBrowser :37 - Entering search term in the search bar....
2024-01-28 22:01:945 INFO  ManageBrowser :59 - Verifying if the search results contain all the search term letters.... 
2024-01-28 22:01:80 INFO  ManageBrowser :25 - Clicking on Allow All Cookies button....
2024-01-28 22:01:223 INFO  ManageBrowser :27 - Clicking on Search icon....
2024-01-28 22:01:314 INFO  ManageBrowser :37 - Entering search term in the search bar....
2024-01-28 22:01:716 INFO  ManageBrowser :59 - Verifying if the search results contain all the search term letters.... 
2024-01-28 23:01:09 INFO  ManageBrowser :20 - Clicking on Allow All Cookies button....
2024-01-28 23:01:142 INFO  ManageBrowser :24 - Clicking on Login link....
2024-01-28 23:01:327 INFO  ManageBrowser :30 - Entering user name and password....
2024-01-28 23:01:599 INFO  ManageBrowser :25 - Clicking on Allow All Cookies button....
2024-01-28 23:01:822 INFO  ManageBrowser :27 - Clicking on Search icon....
2024-01-28 23:01:162 INFO  ManageBrowser :37 - Entering search term in the search bar....
2024-01-28 23:01:697 INFO  ManageBrowser :59 - Verifying if the search results contain all the search term letters.... 
2024-01-28 23:01:937 INFO  ManageBrowser :25 - Clicking on Allow All Cookies button....
2024-01-28 23:01:61 INFO  ManageBrowser :27 - Clicking on Search icon....
2024-01-28 23:01:138 INFO  ManageBrowser :37 - Entering search term in the search bar....
2024-01-28 23:01:584 INFO  ManageBrowser :59 - Verifying if the search results contain all the search term letters.... 
2024-01-29 09:01:166 INFO  ManageBrowser :24 - Clicking on top menu bar link live casino....
2024-01-29 09:01:662 INFO  ManageBrowser :30 - Clicking on join now....
2024-01-29 09:01:356 INFO  ManageBrowser :24 - Clicking on top menu bar link live casino....
2024-01-29 09:01:618 INFO  ManageBrowser :30 - Clicking on join now....
2024-01-29 09:01:449 INFO  ManageBrowser :24 - Clicking on top menu bar link live casino....
2024-01-29 09:01:711 INFO  ManageBrowser :30 - Clicking on join now....
2024-01-29 09:01:608 INFO  ManageBrowser :24 - Clicking on top menu bar link live casino....
2024-01-29 09:01:102 INFO  ManageBrowser :30 - Clicking on join now....
2024-01-29 09:01:271 INFO  ManageBrowser :24 - Clicking on top menu bar link live casino....
2024-01-29 09:01:933 INFO  ManageBrowser :30 - Clicking on join now....
2024-01-29 09:01:797 INFO  ManageBrowser :24 - Clicking on top menu bar link live casino....
2024-01-29 09:01:38 INFO  ManageBrowser :30 - Clicking on join now....
2024-01-29 09:01:437 INFO  ManageBrowser :37 - Entering registration details....
2024-01-29 09:01:797 INFO  ManageBrowser :26 - Clicking on Allow All Cookies button....
2024-01-29 09:01:325 INFO  ManageBrowser :28 - Clicking on Search icon....
2024-01-29 09:01:907 INFO  ManageBrowser :38 - Entering search term in the search bar....
2024-01-29 09:01:430 INFO  ManageBrowser :60 - Verifying if the search results contain all the search term letters.... 
2024-01-29 09:01:91 INFO  ManageBrowser :26 - Clicking on Allow All Cookies button....
2024-01-29 09:01:269 INFO  ManageBrowser :28 - Clicking on Search icon....
2024-01-29 09:01:360 INFO  ManageBrowser :38 - Entering search term in the search bar....
2024-01-29 09:01:621 INFO  ManageBrowser :60 - Verifying if the search results contain all the search term letters.... 
2024-01-31 11:01:257 INFO  ManageBrowser :26 - Clicking on Allow All Cookies button....
2024-01-31 11:01:432 INFO  ManageBrowser :28 - Clicking on Search icon....
2024-01-31 11:01:108 INFO  ManageBrowser :38 - Entering search term in the search bar....
2024-01-31 11:01:698 INFO  ManageBrowser :60 - Verifying if the search results contain all the search term letters.... 
2024-01-31 11:01:268 INFO  ManageBrowser :26 - Clicking on Allow All Cookies button....
2024-01-31 11:01:412 INFO  ManageBrowser :28 - Clicking on Search icon....
2024-01-31 11:01:490 INFO  ManageBrowser :38 - Entering search term in the search bar....
2024-01-31 11:01:808 INFO  ManageBrowser :60 - Verifying if the search results contain all the search term letters.... 
2024-01-31 13:01:858 INFO  ManageBrowser :26 - Clicking on Allow All Cookies button....
2024-01-31 13:01:61 INFO  ManageBrowser :26 - Clicking on Allow All Cookies button....
